Using pre-set license
Built from '2020.3/staging' branch; Version is '2020.3.22f1 (e1a7f79fd887) revision 14788599'; Using compiler version '192528614'; Build Type 'Release'
OS: 'Windows 10 Pro; OS build 21996.1; Version 2009; 64bit' Language: 'en' Physical Memory: 16315 MB
BatchMode: 1, IsHumanControllingUs: 0, StartBugReporterOnCrash: 0, Is64bit: 1, IsPro: 0

COMMAND LINE ARGUMENTS:
E:\Unity\2020.3.22f1\Editor\Unity.exe
-adb2
-batchMode
-noUpm
-name
AssetImportWorker0
-projectPath
E:/Project/Creative-Core-Pathway/CC_Shaders
-logFile
Logs/AssetImportWorker0.log
-srvPort
4632
Successfully changed project path to: E:/Project/Creative-Core-Pathway/CC_Shaders
E:/Project/Creative-Core-Pathway/CC_Shaders
Using Asset Import Pipeline V2.
Refreshing native plugins compatible for Editor in 50.03 ms, found 2 plugins.
Preloading 0 native plugins for Editor in 0.00 ms.
Initialize engine version: 2020.3.22f1 (e1a7f79fd887)
[Subsystems] Discovering subsystems at path E:/Unity/2020.3.22f1/Editor/Data/Resources/UnitySubsystems
[Subsystems] Discovering subsystems at path E:/Project/Creative-Core-Pathway/CC_Shaders/Assets
GfxDevice: creating device client; threaded=0
Direct3D:
    Version:  Direct3D 11.0 [level 11.1]
    Renderer: NVIDIA GeForce RTX 2060 (ID=0x1f08)
    Vendor:   
    VRAM:     5980 MB
    Driver:   30.0.15.1165
Initialize mono
Mono path[0] = 'E:/Unity/2020.3.22f1/Editor/Data/Managed'
Mono path[1] = 'E:/Unity/2020.3.22f1/Editor/Data/MonoBleedingEdge/lib/mono/unityjit'
Mono config path = 'E:/Unity/2020.3.22f1/Editor/Data/MonoBleedingEdge/etc'
Using monoOptions --debugger-agent=transport=dt_socket,embedding=1,server=y,suspend=n,address=127.0.0.1:56464
Begin MonoManager ReloadAssembly
Registering precompiled unity dll's ...
Register platform support module: E:/Unity/2020.3.22f1/Editor/Data/PlaybackEngines/WebGLSupport/UnityEditor.WebGL.Extensions.dll
Register platform support module: E:/Unity/2020.3.22f1/Editor/Data/PlaybackEngines/WindowsStandaloneSupport/UnityEditor.WindowsStandalone.Extensions.dll
Registered in 0.000983 seconds.
Native extension for WindowsStandalone target not found
Native extension for WebGL target not found
Refreshing native plugins compatible for Editor in 49.91 ms, found 2 plugins.
Preloading 0 native plugins for Editor in 0.00 ms.
Mono: successfully reloaded assembly
- Completed reload, in  0.816 seconds
Domain Reload Profiling:
	ReloadAssembly (816ms)
		BeginReloadAssembly (43ms)
			ExecutionOrderSort (0ms)
			DisableScriptedObjects (0ms)
			BackupInstance (0ms)
			ReleaseScriptingObjects (0ms)
			CreateAndSetChildDomain (1ms)
		EndReloadAssembly (387ms)
			LoadAssemblies (42ms)
			RebuildTransferFunctionScriptingTraits (0ms)
			SetupTypeCache (126ms)
			ReleaseScriptCaches (0ms)
			RebuildScriptCaches (27ms)
			SetupLoadedEditorAssemblies (153ms)
				LogAssemblyErrors (0ms)
				InitializePlatformSupportModulesInManaged (3ms)
				SetLoadedEditorAssemblies (0ms)
				RefreshPlugins (50ms)
				BeforeProcessingInitializeOnLoad (12ms)
				ProcessInitializeOnLoadAttributes (66ms)
				ProcessInitializeOnLoadMethodAttributes (22ms)
				AfterProcessingInitializeOnLoad (0ms)
				EditorAssembliesLoaded (0ms)
			ExecutionOrderSort2 (0ms)
			AwakeInstancesAfterBackupRestoration (0ms)
Platform modules already initialized, skipping
Registering precompiled user dll's ...
Registered in 0.002904 seconds.
Begin MonoManager ReloadAssembly
Native extension for WindowsStandalone target not found
Native extension for WebGL target not found
Refreshing native plugins compatible for Editor in 49.01 ms, found 2 plugins.
Preloading 0 native plugins for Editor in 0.00 ms.
Mono: successfully reloaded assembly
- Completed reload, in  1.022 seconds
Domain Reload Profiling:
	ReloadAssembly (1023ms)
		BeginReloadAssembly (119ms)
			ExecutionOrderSort (0ms)
			DisableScriptedObjects (4ms)
			BackupInstance (0ms)
			ReleaseScriptingObjects (0ms)
			CreateAndSetChildDomain (16ms)
		EndReloadAssembly (856ms)
			LoadAssemblies (74ms)
			RebuildTransferFunctionScriptingTraits (0ms)
			SetupTypeCache (300ms)
			ReleaseScriptCaches (1ms)
			RebuildScriptCaches (63ms)
			SetupLoadedEditorAssemblies (313ms)
				LogAssemblyErrors (0ms)
				InitializePlatformSupportModulesInManaged (6ms)
				SetLoadedEditorAssemblies (0ms)
				RefreshPlugins (49ms)
				BeforeProcessingInitializeOnLoad (76ms)
				ProcessInitializeOnLoadAttributes (169ms)
				ProcessInitializeOnLoadMethodAttributes (11ms)
				AfterProcessingInitializeOnLoad (2ms)
				EditorAssembliesLoaded (0ms)
			ExecutionOrderSort2 (0ms)
			AwakeInstancesAfterBackupRestoration (6ms)
Platform modules already initialized, skipping
========================================================================
Worker process is ready to serve import requests
Launched and connected shader compiler UnityShaderCompiler.exe after 0.06 seconds
Refreshing native plugins compatible for Editor in 0.55 ms, found 2 plugins.
Preloading 0 native plugins for Editor in 0.00 ms.
Unloading 3322 Unused Serialized files (Serialized files now loaded: 0)
System memory in use before: 146.3 MB.
System memory in use after: 146.5 MB.

Unloading 20 unused Assets to reduce memory usage. Loaded Objects now: 3754.
Total: 3.377800 ms (FindLiveObjects: 0.275500 ms CreateObjectMapping: 0.145600 ms MarkObjects: 2.832700 ms  DeleteObjects: 0.123200 ms)

AssetImportParameters requested are different than current active one (requested -> active):
  custom:framework-win-MediaFoundation: 216162199b28c13a410421893ffa2e32 -> 
  custom:video-decoder-ogg-theora: a1e56fd34408186e4bbccfd4996cb3dc -> 
  custom:container-muxer-webm: aa71ff27fc2769a1b78a27578f13a17b -> 
  custom:container-demuxer-webm: 4f35f7cbe854078d1ac9338744f61a02 -> 
  custom:container-demuxer-ogg: 62fdf1f143b41e24485cea50d1cbac27 -> 
  custom:video-encoder-webm-vp8: eb34c28f22e8b96e1ab97ce403110664 -> 
  custom:video-decoder-webm-vp8: 9c59270c3fd7afecdb556c50c9e8de78 -> 
  custom:audio-decoder-ogg-vorbis: bf7c407c2cedff20999df2af8eb42d56 -> 
  custom:audio-encoder-webm-vorbis: bf7c407c2cedff20999df2af8eb42d56 -> 
========================================================================
Received Import Request.
  path: Assets/CreativeCore_Shaders/Textures/Kettle
  artifactKey: Guid(fd02e3d118c3fc545987ff4fb8887d6b) Importer(815301076,1909f56bfc062723c751e8b465ee728b)
Start importing Assets/CreativeCore_Shaders/Textures/Kettle using Guid(fd02e3d118c3fc545987ff4fb8887d6b) Importer(815301076,1909f56bfc062723c751e8b465ee728b)  -> (artifact id: '955a10145223496b613634ffc9030eeb') in 0.008681 seconds 
  Import took 0.012796 seconds .

========================================================================
Received Prepare
Registering precompiled user dll's ...
Registered in 0.002881 seconds.
Begin MonoManager ReloadAssembly
Native extension for WindowsStandalone target not found
Native extension for WebGL target not found
Refreshing native plugins compatible for Editor in 0.51 ms, found 2 plugins.
Preloading 0 native plugins for Editor in 0.00 ms.
Mono: successfully reloaded assembly
- Completed reload, in  0.934 seconds
Domain Reload Profiling:
	ReloadAssembly (934ms)
		BeginReloadAssembly (99ms)
			ExecutionOrderSort (0ms)
			DisableScriptedObjects (4ms)
			BackupInstance (0ms)
			ReleaseScriptingObjects (0ms)
			CreateAndSetChildDomain (32ms)
		EndReloadAssembly (787ms)
			LoadAssemblies (74ms)
			RebuildTransferFunctionScriptingTraits (0ms)
			SetupTypeCache (292ms)
			ReleaseScriptCaches (1ms)
			RebuildScriptCaches (60ms)
			SetupLoadedEditorAssemblies (267ms)
				LogAssemblyErrors (0ms)
				InitializePlatformSupportModulesInManaged (4ms)
				SetLoadedEditorAssemblies (0ms)
				RefreshPlugins (1ms)
				BeforeProcessingInitializeOnLoad (75ms)
				ProcessInitializeOnLoadAttributes (177ms)
				ProcessInitializeOnLoadMethodAttributes (8ms)
				AfterProcessingInitializeOnLoad (2ms)
				EditorAssembliesLoaded (0ms)
			ExecutionOrderSort2 (0ms)
			AwakeInstancesAfterBackupRestoration (8ms)
Platform modules already initialized, skipping
Refreshing native plugins compatible for Editor in 0.51 ms, found 2 plugins.
Preloading 0 native plugins for Editor in 0.00 ms.
Unloading 3202 Unused Serialized files (Serialized files now loaded: 0)
System memory in use before: 138.1 MB.
System memory in use after: 138.3 MB.

Unloading 15 unused Assets to reduce memory usage. Loaded Objects now: 3756.
Total: 3.498300 ms (FindLiveObjects: 0.254000 ms CreateObjectMapping: 0.117400 ms MarkObjects: 3.105400 ms  DeleteObjects: 0.020700 ms)

AssetImportParameters requested are different than current active one (requested -> active):
  custom:framework-win-MediaFoundation: 216162199b28c13a410421893ffa2e32 -> 
  custom:video-decoder-ogg-theora: a1e56fd34408186e4bbccfd4996cb3dc -> 
  custom:container-muxer-webm: aa71ff27fc2769a1b78a27578f13a17b -> 
  custom:container-demuxer-webm: 4f35f7cbe854078d1ac9338744f61a02 -> 
  custom:container-demuxer-ogg: 62fdf1f143b41e24485cea50d1cbac27 -> 
  custom:video-encoder-webm-vp8: eb34c28f22e8b96e1ab97ce403110664 -> 
  custom:video-decoder-webm-vp8: 9c59270c3fd7afecdb556c50c9e8de78 -> 
  custom:audio-decoder-ogg-vorbis: bf7c407c2cedff20999df2af8eb42d56 -> 
  custom:audio-encoder-webm-vorbis: bf7c407c2cedff20999df2af8eb42d56 -> 
========================================================================
Received Import Request.
  Time since last request: 668.457128 seconds.
  path: Assets/CreativeCore_Shaders/ShaderGraphs/Example_Shimmer.shadergraph
  artifactKey: Guid(22ea675d1e120054a9a5976fcf24d561) Importer(815301076,1909f56bfc062723c751e8b465ee728b)
Start importing Assets/CreativeCore_Shaders/ShaderGraphs/Example_Shimmer.shadergraph using Guid(22ea675d1e120054a9a5976fcf24d561) Importer(815301076,1909f56bfc062723c751e8b465ee728b)  -> (artifact id: '300ec0290399b7ad663782a03e07462d') in 0.056301 seconds 
  Import took 0.066500 seconds .

========================================================================
Received Import Request.
  Time since last request: 13.782355 seconds.
  path: Assets/CreativeCore_Shaders/ShaderGraphs/Example_Dissolve.shadergraph
  artifactKey: Guid(e589918dde7825a4fba017b438e44303) Importer(815301076,1909f56bfc062723c751e8b465ee728b)
Start importing Assets/CreativeCore_Shaders/ShaderGraphs/Example_Dissolve.shadergraph using Guid(e589918dde7825a4fba017b438e44303) Importer(815301076,1909f56bfc062723c751e8b465ee728b)  -> (artifact id: '89c8b58ac56cee5d564abd29992fbd5c') in 0.006767 seconds 
  Import took 0.020737 seconds .

========================================================================
Received Import Request.
  Time since last request: 38.569519 seconds.
  path: Assets/CreativeCore_Shaders/ShaderGraphs
  artifactKey: Guid(0a3d3d3d002019b478933aa4a6bf2604) Importer(815301076,1909f56bfc062723c751e8b465ee728b)
Start importing Assets/CreativeCore_Shaders/ShaderGraphs using Guid(0a3d3d3d002019b478933aa4a6bf2604) Importer(815301076,1909f56bfc062723c751e8b465ee728b)  -> (artifact id: 'db55cf64265b3bb80e1083d6d9f5cf5f') in 0.006904 seconds 
  Import took 0.011416 seconds .

========================================================================
Received Import Request.
  Time since last request: 484.324480 seconds.
  path: Assets/CreativeCore_Shaders/ShaderGraphs/New Shader Graph.shadergraph
  artifactKey: Guid(a43e2ebc392d866478261c06bb4f17ca) Importer(815301076,1909f56bfc062723c751e8b465ee728b)
Start importing Assets/CreativeCore_Shaders/ShaderGraphs/New Shader Graph.shadergraph using Guid(a43e2ebc392d866478261c06bb4f17ca) Importer(815301076,1909f56bfc062723c751e8b465ee728b)  -> (artifact id: '092287f145e6155b80f99b72d4fdef7a') in 0.011177 seconds 
  Import took 0.016518 seconds .

========================================================================
Received Import Request.
  Time since last request: 18.276186 seconds.
  path: Assets/CreativeCore_Shaders/ShaderGraphs/Shiimmer_Shader.shadergraph
  artifactKey: Guid(a43e2ebc392d866478261c06bb4f17ca) Importer(815301076,1909f56bfc062723c751e8b465ee728b)
Start importing Assets/CreativeCore_Shaders/ShaderGraphs/Shiimmer_Shader.shadergraph using Guid(a43e2ebc392d866478261c06bb4f17ca) Importer(815301076,1909f56bfc062723c751e8b465ee728b)  -> (artifact id: '9f10173420b160135df76a511de1046d') in 0.008007 seconds 
  Import took 0.012681 seconds .

========================================================================
Received Import Request.
  Time since last request: 9.410925 seconds.
  path: Assets/CreativeCore_Shaders/ShaderGraphs/Shiimmer_ShaderGraph.shadergraph
  artifactKey: Guid(a43e2ebc392d866478261c06bb4f17ca) Importer(815301076,1909f56bfc062723c751e8b465ee728b)
Start importing Assets/CreativeCore_Shaders/ShaderGraphs/Shiimmer_ShaderGraph.shadergraph using Guid(a43e2ebc392d866478261c06bb4f17ca) Importer(815301076,1909f56bfc062723c751e8b465ee728b)  -> (artifact id: 'c126411181c2c73f068e8b9de4dd52a8') in 0.007643 seconds 
  Import took 0.012196 seconds .

AssetImportWorkerClient::OnTransportError - code=2 error=End of file
